[33mwarn[39m:    --minUptime not set. Defaulting to: 1000ms
[32minfo[39m:    Forever processing file: [90mapp.js[39m
[33mwarn[39m:    --minUptime not set. Defaulting to: 1000ms
[32minfo[39m:    Forever processing file: [90mapp.js[39m
[33mwarn[39m:    --minUptime not set. Defaulting to: 1000ms
[32minfo[39m:    Forever processing file: [90mapp.js[39m
-bash: forever: command not found
[33mwarn[39m:    --minUptime not set. Defaulting to: 1000ms
[32minfo[39m:    Forever processing file: [90mapp.js[39m
[33mwarn[39m:    --minUptime not set. Defaulting to: 1000ms
[32minfo[39m:    Forever processing file: [90mapp.js[39m
[33mwarn[39m:    --minUptime not set. Defaulting to: 1000ms
[32minfo[39m:    Forever processing file: [90mapp.js[39m
[33mwarn[39m:    --minUptime not set. Defaulting to: 1000ms
[32minfo[39m:    Forever processing file: [90mapp.js[39m
[33mwarn[39m:    --minUptime not set. Defaulting to: 1000ms
[32minfo[39m:    Forever processing file: [90mapp.js[39m
[33mwarn[39m:    --minUptime not set. Defaulting to: 1000ms
[32minfo[39m:    Forever processing file: [90mapp.js[39m
warn:    --minUptime not set. Defaulting to: 1000ms
info:    Forever processing file: app.js
warn:    --minUptime not set. Defaulting to: 1000ms
info:    Forever processing file: app.js
warn:    --minUptime not set. Defaulting to: 1000ms
info:    Forever processing file: app.js
warn:    --minUptime not set. Defaulting to: 1000ms
info:    Forever processing file: app.js
